{
  "RSpec": {
    "coverage": {
      "/home/ubuntu/workspace/learnit/app/models/user.rb": [
        null,
        null,
        null,
        null,
        null,
        null,
        null,
        null,
        null,
        null,
        null,
        null,
        null,
        null,
        null,
        null,
        null,
        null,
        null,
        null,
        1,
        null,
        null,
        1,
        null,
        null
      ],
      "/home/ubuntu/workspace/learnit/app/models/application_record.rb": [
        1,
        1,
        null
      ],
      "/home/ubuntu/workspace/learnit/app/helpers/application_helper.rb": [
        1,
        null
      ],
      "/home/ubuntu/workspace/learnit/db/seeds.rb": [
        1,
        null,
        1,
        1,
        1,
        null,
        1,
        null,
        1,
        1,
        null,
        null,
        null
      ],
      "/home/ubuntu/workspace/learnit/app/models/klass.rb": [
        null,
        null,
        null,
        null,
        null,
        null,
        null,
        null,
        null,
        null,
        null,
        null,
        null,
        1,
        null,
        1,
        null,
        null
      ],
      "/home/ubuntu/workspace/learnit/app/controllers/application_controller.rb": [
        1,
        1,
        1,
        null,
        1,
        1,
        22,
        22,
        null,
        22,
        22,
        null,
        1,
        0,
        null,
        1,
        0,
        null,
        null
      ],
      "/home/ubuntu/workspace/learnit/app/controllers/klasses_controller.rb": [
        1,
        null,
        1,
        5,
        null,
        null,
        1,
        3,
        null,
        null,
        1,
        2,
        null,
        2,
        1,
        null,
        1,
        null,
        null,
        null,
        null,
        null
      ],
      "/home/ubuntu/workspace/learnit/app/controllers/home_controller.rb": [
        0,
        0,
        0,
        0
      ],
      "/home/ubuntu/workspace/learnit/app/controllers/users_controller.rb": [
        0,
        null,
        0,
        0,
        0,
        null,
        0,
        null,
        0,
        null,
        0,
        0,
        null,
        0,
        null,
        0,
        null,
        0,
        null,
        null,
        null,
        0,
        null,
        0,
        null,
        0,
        null,
        0
      ],
      "/home/ubuntu/workspace/learnit/app/jobs/application_job.rb": [
        0,
        0
      ]
    },
    "timestamp": 1503960086
  }
}
